exness update 2025-08-01-1
exness update 2025-08-02-1
exness update 2025-08-03-1
exness update 2025-08-04-1
exness update 2025-08-05-1
exness update 2025-08-06-1
exness update 2025-08-07-1
exness update 2025-08-08-1
exness update 2025-08-09-1
exness update 2025-08-10-1
exness update 2025-08-11-1
exness update 2025-08-12-1
exness update 2025-08-13-1
exness update 2025-08-14-1
exness update 2025-08-15-1
exness update 2025-08-16-1
exness update 2025-08-17-1
exness update 2025-08-18-1
exness update 2025-08-19-1
exness update 2025-08-20-1
exness update 2025-08-21-1
exness update 2025-08-22-1
exness update 2025-08-23-1
exness update 2025-08-24-1
exness update 2025-08-25-1
exness update 2025-08-26-1
exness update 2025-08-27-1
exness update 2025-08-28-1
exness update 2025-08-29-1
exness update 2025-08-30-1
exness update 2025-08-31-1
exness update 2025-09-01-1
exness update 2025-09-02-1
exness update 2025-09-03-1
exness update 2025-09-04-1
exness update 2025-09-05-1
exness update 2025-09-06-1
exness update 2025-09-07-1
exness update 2025-09-08-1
exness update 2025-09-09-1
exness update 2025-09-10-1
exness update 2025-09-11-1
exness update 2025-09-12-1
exness update 2025-09-13-1
exness update 2025-09-14-1
exness update 2025-09-15-1
exness update 2025-09-16-1
exness update 2025-09-17-1
exness update 2025-09-18-1
exness update 2025-09-19-1
exness update 2025-09-20-1
exness update 2025-09-21-1
exness update 2025-09-22-1
exness update 2025-09-23-1
exness update 2025-09-24-1
exness update 2025-09-25-1
exness update 2025-09-26-1
exness update 2025-09-27-1
exness update 2025-09-28-1
exness update 2025-09-29-1
exness update 2025-09-30-1
exness update 2025-10-01-1
exness update 2025-10-02-1
exness update 2025-10-03-1
exness update 2025-10-04-1
exness update 2025-10-05-1
exness update 2025-10-06-1
exness update 2025-10-07-1
exness update 2025-10-08-1
exness update 2025-10-09-1
exness update 2025-10-10-1
exness update 2025-10-11-1
exness update 2025-10-12-1
exness update 2025-10-13-1
exness update 2025-10-14-1
exness update 2025-10-15-1
exness update 2025-10-16-1
exness update 2025-10-17-1
exness update 2025-10-18-1
exness update 2025-10-19-1
exness update 2025-10-20-1
exness update 2025-10-21-1
exness update 2025-10-22-1
exness update 2025-10-23-1
exness update 2025-10-24-1
exness update 2025-10-25-1
exness update 2025-10-26-1
exness update 2025-10-27-1
exness update 2025-10-28-1
exness update 2025-10-29-1
exness update 2025-10-30-1
exness update 2025-10-31-1
exness update 2025-11-01-1
exness update 2025-11-02-1
exness update 2025-11-03-1
exness update 2025-11-04-1
exness update 2025-11-05-1
exness update 2025-11-06-1
exness update 2025-11-07-1
exness update 2025-11-08-1
exness update 2025-11-09-1
exness update 2025-11-10-1
exness update 2025-11-11-1
exness update 2025-11-12-1
exness update 2025-11-13-1
exness update 2025-11-14-1
exness update 2025-11-15-1
exness update 2025-11-16-1
exness update 2025-11-17-1
exness update 2025-11-18-1
exness update 2025-11-19-1
exness update 2025-11-20-1
exness update 2025-11-21-1
exness update 2025-11-22-1
exness update 2025-11-23-1
exness update 2025-11-24-1
exness update 2025-11-25-1
exness update 2025-11-26-1
exness update 2025-11-27-1
exness update 2025-11-28-1
exness update 2025-11-29-1
exness update 2025-11-30-1
exness update 2025-12-01-1
exness update 2025-12-02-1
exness update 2025-12-03-1
exness update 2025-12-04-1
exness update 2025-12-05-1
exness update 2025-12-06-1
exness update 2025-12-07-1
exness update 2025-12-08-1
exness update 2025-12-09-1
exness update 2025-12-10-1
exness update 2025-12-11-1
exness update 2025-12-12-1
exness update 2025-12-13-1
exness update 2025-12-14-1
exness update 2025-12-15-1
exness update 2025-12-16-1
exness update 2025-12-17-1
exness update 2025-12-18-1
exness update 2025-12-19-1
exness update 2025-12-20-1
exness update 2025-12-21-1
exness update 2025-12-22-1
exness update 2025-12-23-1
exness update 2025-12-24-1
exness update 2025-12-25-1
exness update 2025-12-26-1
exness update 2025-12-27-1
exness update 2025-12-28-1
exness update 2025-12-29-1
exness update 2025-12-30-1
exness update 2025-12-31-1
exness update 2026-01-01-1
exness update 2026-01-02-1
exness update 2026-01-03-1
exness update 2026-01-04-1
exness update 2026-01-05-1
exness update 2026-01-06-1
exness update 2026-01-07-1
exness update 2026-01-08-1
exness update 2026-01-09-1
exness update 2026-01-10-1
exness update 2026-01-11-1
exness update 2026-01-12-1
exness update 2026-01-13-1
exness update 2026-01-14-1
exness update 2026-01-15-1
exness update 2026-01-16-1
exness update 2026-01-17-1
exness update 2026-01-18-1
exness update 2026-01-19-1
exness update 2026-01-20-1
exness update 2026-01-21-1
exness update 2026-01-22-1
exness update 2026-01-23-1
exness update 2026-01-24-1
exness update 2026-01-25-1
exness update 2026-01-26-1
exness update 2026-01-27-1
exness update 2026-01-28-1
exness update 2026-01-29-1
exness update 2026-01-30-1
exness update 2026-01-31-1
exness update 2026-02-01-1
exness update 2026-02-02-1
exness update 2026-02-03-1
exness update 2026-02-04-1
exness update 2026-02-05-1
exness update 2026-02-06-1
exness update 2026-02-07-1
exness update 2026-02-08-1
exness update 2026-02-09-1
exness update 2026-02-10-1
exness update 2026-02-11-1
exness update 2026-02-12-1
exness update 2026-02-13-1
exness update 2026-02-14-1
exness update 2026-02-15-1
exness update 2026-02-16-1
exness update 2026-02-17-1
exness update 2026-02-18-1
exness update 2026-02-19-1
exness update 2026-02-20-1
exness update 2026-02-21-1
exness update 2026-02-22-1
exness update 2026-02-23-1
exness update 2026-02-24-1
exness update 2026-02-25-1
exness update 2026-02-26-1
exness update 2026-02-27-1
exness update 2026-02-28-1
exness update 2026-03-01-1
exness update 2026-03-02-1
exness update 2026-03-03-1
exness update 2026-03-04-1
exness update 2026-03-05-1
exness update 2026-03-06-1
exness update 2026-03-07-1
exness update 2026-03-08-1
exness update 2026-03-09-1
exness update 2026-03-10-1
exness update 2026-03-11-1
exness update 2026-03-12-1
exness update 2026-03-13-1
exness update 2026-03-14-1
exness update 2026-03-15-1
exness update 2026-03-16-1
exness update 2026-03-17-1
exness update 2026-03-18-1
exness update 2026-03-19-1
exness update 2026-03-20-1
exness update 2026-03-21-1
exness update 2026-03-22-1
exness update 2026-03-23-1
exness update 2026-03-24-1
exness update 2026-03-25-1
exness update 2026-03-26-1
exness update 2026-03-27-1
exness update 2026-03-28-1
exness update 2026-03-29-1
exness update 2026-03-30-1
exness update 2026-03-31-1
exness update 2026-04-01-1
exness update 2026-04-02-1
exness update 2026-04-03-1
exness update 2026-04-04-1
exness update 2026-04-05-1
exness update 2026-04-06-1
exness update 2026-04-07-1
exness update 2026-04-08-1
exness update 2026-04-09-1
exness update 2026-04-10-1
exness update 2026-04-11-1
exness update 2026-04-12-1
exness update 2026-04-13-1
exness update 2026-04-14-1
exness update 2026-04-15-1
exness update 2026-04-16-1
exness update 2026-04-17-1
exness update 2026-04-18-1
exness update 2026-04-19-1
exness update 2026-04-20-1
exness update 2026-04-21-1
exness update 2026-04-22-1
exness update 2026-04-23-1
exness update 2026-04-24-1
exness update 2026-04-25-1
exness update 2026-04-26-1
exness update 2026-04-27-1
exness update 2026-04-28-1
exness update 2026-04-29-1
exness update 2026-04-30-1
exness update 2026-05-01-1
exness update 2026-05-02-1
exness update 2026-05-03-1
exness update 2026-05-04-1
exness update 2026-05-05-1
exness update 2025-08-01-1
exness update 2025-08-01-2
exness update 2025-08-02-1
exness update 2025-08-02-2
exness update 2025-08-02-3
exness update 2025-08-02-4
exness update 2025-08-03-1
exness update 2025-08-03-2
exness update 2025-08-04-1
exness update 2025-08-04-2
exness update 2025-08-04-3
exness update 2025-08-04-4
exness update 2025-08-05-1
exness update 2025-08-05-2
exness update 2025-08-05-3
exness update 2025-08-06-1
exness update 2025-08-06-2
exness update 2025-08-07-1
exness update 2025-08-07-2
exness update 2025-08-07-3
exness update 2025-08-08-1
exness update 2025-08-08-2
exness update 2025-08-08-3
exness update 2025-08-09-1
exness update 2025-08-09-2
exness update 2025-08-10-1
exness update 2025-08-10-2
exness update 2025-08-10-3
exness update 2025-08-11-1
exness update 2025-08-11-2
exness update 2025-08-12-1
exness update 2025-08-12-2
exness update 2025-08-12-3
exness update 2025-08-12-4
exness update 2025-08-13-1
exness update 2025-08-13-2
exness update 2025-08-13-3
exness update 2025-08-14-1
exness update 2025-08-14-2
exness update 2025-08-14-3
exness update 2025-08-15-1
exness update 2025-08-15-2
exness update 2025-08-16-1
exness update 2025-08-16-2
exness update 2025-08-17-1
exness update 2025-08-17-2
exness update 2025-08-18-1
exness update 2025-08-18-2
exness update 2025-08-18-3
exness update 2025-08-19-1
exness update 2025-08-19-2
exness update 2025-08-19-3
exness update 2025-08-20-1
exness update 2025-08-20-2
exness update 2025-08-21-1
exness update 2025-08-21-2
exness update 2025-08-21-3
exness update 2025-08-22-1
exness update 2025-08-22-2
exness update 2025-08-23-1
exness update 2025-08-23-2
exness update 2025-08-23-3
exness update 2025-08-24-1
exness update 2025-08-24-2
exness update 2025-08-24-3
exness update 2025-08-25-1
exness update 2025-08-25-2
exness update 2025-08-25-3
exness update 2025-08-25-4
exness update 2025-08-26-1
exness update 2025-08-26-2
exness update 2025-08-26-3
exness update 2025-08-26-4
exness update 2025-08-27-1
exness update 2025-08-27-2
exness update 2025-08-27-3
exness update 2025-08-28-1
exness update 2025-08-28-2
exness update 2025-08-29-1
exness update 2025-08-29-2
exness update 2025-08-29-3
exness update 2025-08-30-1
exness update 2025-08-30-2
exness update 2025-08-30-3
exness update 2025-08-31-1
exness update 2025-08-31-2
exness update 2025-09-01-1
exness update 2025-09-01-2
exness update 2025-09-02-1
exness update 2025-09-02-2
exness update 2025-09-02-3
exness update 2025-09-03-1
exness update 2025-09-03-2
exness update 2025-09-03-3
exness update 2025-09-04-1
exness update 2025-09-04-2
exness update 2025-09-04-3
exness update 2025-09-05-1
exness update 2025-09-05-2
exness update 2025-09-05-3
exness update 2025-09-06-1
exness update 2025-09-06-2
exness update 2025-09-07-1
exness update 2025-09-07-2
exness update 2025-09-07-3
exness update 2025-09-07-4
exness update 2025-09-08-1
exness update 2025-09-08-2
exness update 2025-09-09-1
exness update 2025-09-09-2
exness update 2025-09-09-3
exness update 2025-09-10-1
exness update 2025-09-10-2
exness update 2025-09-10-3
exness update 2025-09-11-1
exness update 2025-09-11-2
exness update 2025-09-11-3
exness update 2025-09-11-4
exness update 2025-09-12-1
exness update 2025-09-12-2
exness update 2025-09-13-1
exness update 2025-09-13-2
exness update 2025-09-13-3
exness update 2025-09-14-1
exness update 2025-09-14-2
exness update 2025-09-14-3
exness update 2025-09-15-1
exness update 2025-09-15-2
exness update 2025-09-15-3
exness update 2025-09-16-1
exness update 2025-09-16-2
exness update 2025-09-17-1
exness update 2025-09-17-2
exness update 2025-09-17-3
exness update 2025-09-17-4
exness update 2025-09-18-1
exness update 2025-09-18-2
exness update 2025-09-18-3
exness update 2025-09-18-4
exness update 2025-09-19-1
exness update 2025-09-19-2
exness update 2025-09-19-3
exness update 2025-09-19-4
exness update 2025-09-20-1
exness update 2025-09-20-2
exness update 2025-09-20-3
exness update 2025-09-20-4
exness update 2025-09-21-1
exness update 2025-09-21-2
exness update 2025-09-21-3
exness update 2025-09-21-4
exness update 2025-09-22-1
exness update 2025-09-22-2
exness update 2025-09-22-3
exness update 2025-09-22-4
exness update 2025-09-23-1
exness update 2025-09-23-2
exness update 2025-09-23-3
exness update 2025-09-24-1
exness update 2025-09-24-2
exness update 2025-09-25-1
exness update 2025-09-25-2
exness update 2025-09-26-1
exness update 2025-09-26-2
exness update 2025-09-26-3
exness update 2025-09-27-1
exness update 2025-09-27-2
exness update 2025-09-27-3
exness update 2025-09-27-4
exness update 2025-09-28-1
exness update 2025-09-28-2
exness update 2025-09-29-1
exness update 2025-09-29-2
exness update 2025-09-29-3
exness update 2025-09-30-1
exness update 2025-09-30-2
exness update 2025-09-30-3
exness update 2025-10-01-1
exness update 2025-10-01-2
exness update 2025-10-02-1
exness update 2025-10-02-2
exness update 2025-10-03-1
exness update 2025-10-03-2
exness update 2025-10-04-1
exness update 2025-10-04-2
exness update 2025-10-04-3
exness update 2025-10-04-4
exness update 2025-10-05-1
exness update 2025-10-05-2
exness update 2025-10-05-3
exness update 2025-10-06-1
exness update 2025-10-06-2
exness update 2025-10-07-1
exness update 2025-10-07-2
exness update 2025-10-08-1
exness update 2025-10-08-2
exness update 2025-10-08-3
exness update 2025-10-08-4
exness update 2025-10-09-1
exness update 2025-10-09-2
exness update 2025-10-09-3
exness update 2025-10-09-4
exness update 2025-10-10-1
exness update 2025-10-10-2
exness update 2025-10-10-3
exness update 2025-10-10-4
exness update 2025-10-11-1
exness update 2025-10-11-2
exness update 2025-10-11-3
exness update 2025-10-12-1
exness update 2025-10-12-2
exness update 2025-10-12-3
exness update 2025-10-12-4
exness update 2025-10-13-1
exness update 2025-10-13-2
exness update 2025-10-13-3
exness update 2025-10-13-4
exness update 2025-10-14-1
exness update 2025-10-14-2
exness update 2025-10-14-3
exness update 2025-10-14-4
exness update 2025-10-15-1
exness update 2025-10-15-2
exness update 2025-10-15-3
exness update 2025-10-15-4
exness update 2025-10-16-1
exness update 2025-10-16-2
exness update 2025-10-16-3
exness update 2025-10-16-4
exness update 2025-10-17-1
exness update 2025-10-17-2
exness update 2025-10-17-3
exness update 2025-10-17-4
exness update 2025-10-18-1
exness update 2025-10-18-2
exness update 2025-10-18-3
exness update 2025-10-18-4
exness update 2025-10-19-1
exness update 2025-10-19-2
exness update 2025-10-19-3
exness update 2025-10-20-1
exness update 2025-10-20-2
exness update 2025-10-20-3
exness update 2025-10-21-1
exness update 2025-10-21-2
exness update 2025-10-21-3
exness update 2025-10-22-1
exness update 2025-10-22-2
exness update 2025-10-22-3
exness update 2025-10-22-4
exness update 2025-10-23-1
exness update 2025-10-23-2
exness update 2025-10-23-3
exness update 2025-10-23-4
exness update 2025-10-24-1
exness update 2025-10-24-2
exness update 2025-10-24-3
exness update 2025-10-25-1
exness update 2025-10-25-2
exness update 2025-10-25-3
exness update 2025-10-26-1
exness update 2025-10-26-2
exness update 2025-10-26-3
exness update 2025-10-27-1
exness update 2025-10-27-2
exness update 2025-10-28-1
exness update 2025-10-28-2
exness update 2025-10-28-3
exness update 2025-10-29-1
exness update 2025-10-29-2
exness update 2025-10-29-3
exness update 2025-10-29-4
exness update 2025-10-30-1
exness update 2025-10-30-2
exness update 2025-10-31-1
exness update 2025-10-31-2
exness update 2025-10-31-3
exness update 2025-11-01-1
exness update 2025-11-01-2
exness update 2025-11-01-3
exness update 2025-11-02-1
exness update 2025-11-02-2
exness update 2025-11-03-1
exness update 2025-11-03-2
exness update 2025-11-03-3
exness update 2025-11-04-1
exness update 2025-11-04-2
exness update 2025-11-04-3
exness update 2025-11-04-4
exness update 2025-11-05-1
exness update 2025-11-05-2
exness update 2025-11-06-1
exness update 2025-11-06-2
exness update 2025-11-06-3
exness update 2025-11-06-4
exness update 2025-11-07-1
exness update 2025-11-07-2
exness update 2025-11-08-1
exness update 2025-11-08-2
exness update 2025-11-08-3
exness update 2025-11-09-1
exness update 2025-11-09-2
exness update 2025-11-09-3
exness update 2025-11-10-1
exness update 2025-11-10-2
exness update 2025-11-10-3
exness update 2025-11-10-4
exness update 2025-11-11-1
exness update 2025-11-11-2
exness update 2025-11-12-1
exness update 2025-11-12-2
exness update 2025-11-12-3
exness update 2025-11-12-4
exness update 2025-11-13-1
exness update 2025-11-13-2
exness update 2025-11-14-1
exness update 2025-11-14-2
exness update 2025-11-15-1
exness update 2025-11-15-2
exness update 2025-11-16-1
exness update 2025-11-16-2
exness update 2025-11-17-1
exness update 2025-11-17-2
exness update 2025-11-17-3
exness update 2025-11-17-4
exness update 2025-11-18-1
exness update 2025-11-18-2
exness update 2025-11-18-3
exness update 2025-11-19-1
exness update 2025-11-19-2
exness update 2025-11-19-3
exness update 2025-11-20-1
exness update 2025-11-20-2
exness update 2025-11-21-1
exness update 2025-11-21-2
exness update 2025-11-21-3
exness update 2025-11-21-4
exness update 2025-11-22-1
exness update 2025-11-22-2
exness update 2025-11-23-1
exness update 2025-11-23-2
exness update 2025-11-24-1
exness update 2025-11-24-2
exness update 2025-11-24-3
exness update 2025-11-25-1
exness update 2025-11-25-2
exness update 2025-11-25-3
exness update 2025-11-26-1
exness update 2025-11-26-2
exness update 2025-11-26-3
exness update 2025-11-27-1
exness update 2025-11-27-2
exness update 2025-11-27-3
exness update 2025-11-27-4
exness update 2025-11-28-1
exness update 2025-11-28-2
exness update 2025-11-28-3
exness update 2025-11-28-4
exness update 2025-11-29-1
exness update 2025-11-29-2
exness update 2025-11-29-3
exness update 2025-11-30-1
exness update 2025-11-30-2
exness update 2025-11-30-3
exness update 2025-11-30-4
exness update 2025-12-01-1
exness update 2025-12-01-2
exness update 2025-12-02-1
exness update 2025-12-02-2
exness update 2025-12-03-1
exness update 2025-12-03-2
exness update 2025-12-04-1
exness update 2025-12-04-2
exness update 2025-12-04-3
exness update 2025-12-04-4
exness update 2025-12-05-1
exness update 2025-12-05-2
exness update 2025-12-05-3
exness update 2025-12-05-4
exness update 2025-12-06-1
exness update 2025-12-06-2
exness update 2025-12-06-3
exness update 2025-12-06-4
exness update 2025-12-07-1
exness update 2025-12-07-2
exness update 2025-12-08-1
exness update 2025-12-08-2
exness update 2026-01-01-1
exness update 2026-01-01-2
exness update 2026-01-01-3
exness update 2026-01-02-1
exness update 2026-01-02-2
exness update 2026-01-02-3
exness update 2026-01-03-1
exness update 2026-01-03-2
exness update 2026-01-03-3
exness update 2026-01-04-1
exness update 2026-01-04-2
exness update 2026-01-04-3
exness update 2026-01-05-1
exness update 2026-01-05-2
exness update 2026-01-05-3
exness update 2026-01-06-1
exness update 2026-01-06-2
exness update 2026-01-06-3
exness update 2026-01-07-1
exness update 2026-01-07-2
exness update 2026-01-07-3
exness update 2026-01-08-1
exness update 2026-01-08-2
exness update 2026-01-08-3
exness update 2026-01-09-1
exness update 2026-01-09-2
exness update 2026-01-09-3
exness update 2026-01-10-1
exness update 2026-01-10-2
exness update 2026-01-10-3
exness update 2026-01-11-1
exness update 2026-01-11-2
exness update 2026-01-11-3
exness update 2026-01-12-1
exness update 2026-01-12-2
exness update 2026-01-12-3
exness update 2026-01-13-1
exness update 2026-01-13-2
exness update 2026-01-13-3
exness update 2026-01-14-1
exness update 2026-01-14-2
exness update 2026-01-14-3
exness update 2026-01-15-1
exness update 2026-01-15-2
exness update 2026-01-15-3
exness update 2026-01-16-1
exness update 2026-01-16-2
exness update 2026-01-16-3
exness update 2026-01-17-1
exness update 2026-01-17-2
exness update 2026-01-17-3
exness update 2026-01-18-1
exness update 2026-01-18-2
exness update 2026-01-18-3
exness update 2026-01-19-1
exness update 2026-01-19-2
exness update 2026-01-19-3
exness update 2026-01-20-1
exness update 2026-01-20-2
exness update 2026-01-20-3
exness update 2026-01-21-1
exness update 2026-01-21-2
exness update 2026-01-21-3
exness update 2026-01-22-1
exness update 2026-01-22-2
exness update 2026-01-22-3
exness update 2026-01-23-1
exness update 2026-01-23-2
exness update 2026-01-23-3
exness update 2026-01-24-1
exness update 2026-01-24-2
exness update 2026-01-24-3
exness update 2026-01-25-1
exness update 2026-01-25-2
exness update 2026-01-25-3
exness update 2026-01-26-1
exness update 2026-01-26-2
exness update 2026-01-26-3
exness update 2026-01-27-1
exness update 2026-01-27-2
exness update 2026-01-27-3
exness update 2026-01-28-1
exness update 2026-01-28-2
exness update 2026-01-28-3
exness update 2026-01-29-1
exness update 2026-01-29-2
exness update 2026-01-29-3
exness update 2026-01-30-1
exness update 2026-01-30-2
exness update 2026-01-30-3
exness update 2026-01-31-1
exness update 2026-01-31-2
exness update 2026-01-31-3
exness update 2026-02-01-1
exness update 2026-02-01-2
exness update 2026-02-01-3
exness update 2026-02-02-1
exness update 2026-02-02-2
exness update 2026-02-02-3
exness update 2026-02-03-1
exness update 2026-02-03-2
exness update 2026-02-03-3
exness update 2026-02-04-1
exness update 2026-02-04-2
exness update 2026-02-04-3
exness update 2026-02-05-1
exness update 2026-02-05-2
exness update 2026-02-05-3
exness update 2026-02-06-1
exness update 2026-02-06-2
exness update 2026-02-06-3
exness update 2026-02-07-1
exness update 2026-02-07-2
exness update 2026-02-07-3
exness update 2026-02-08-1
exness update 2026-02-08-2
exness update 2026-02-08-3
exness update 2026-02-09-1
exness update 2026-02-09-2
exness update 2026-02-09-3
exness update 2026-02-10-1
exness update 2026-02-10-2
exness update 2026-02-10-3
exness update 2026-02-11-1
exness update 2026-02-11-2
exness update 2026-02-11-3
exness update 2026-02-12-1
exness update 2026-02-12-2
exness update 2026-02-12-3
exness update 2026-02-13-1
exness update 2026-02-13-2
exness update 2026-02-13-3
exness update 2026-02-14-1
exness update 2026-02-14-2
exness update 2026-02-14-3
exness update 2026-02-15-1
exness update 2026-02-15-2
exness update 2026-02-15-3
exness update 2026-02-16-1
exness update 2026-02-16-2
exness update 2026-02-16-3
exness update 2026-02-17-1
exness update 2026-02-17-2
exness update 2026-02-17-3
exness update 2026-02-18-1
exness update 2026-02-18-2
exness update 2026-02-18-3
exness update 2026-02-19-1
exness update 2026-02-19-2
exness update 2026-02-19-3
exness update 2026-02-20-1
exness update 2026-02-20-2
exness update 2026-02-20-3
exness update 2026-02-21-1
exness update 2026-02-21-2
exness update 2026-02-21-3
exness update 2026-02-22-1
exness update 2026-02-22-2
exness update 2026-02-22-3
exness update 2026-02-23-1
exness update 2026-02-23-2
exness update 2026-02-23-3
exness update 2026-02-24-1
exness update 2026-02-24-2
exness update 2026-02-24-3
exness update 2026-02-25-1
exness update 2026-02-25-2
exness update 2026-02-25-3
exness update 2026-02-26-1
exness update 2026-02-26-2
exness update 2026-02-26-3
exness update 2026-02-27-1
exness update 2026-02-27-2
exness update 2026-02-27-3
exness update 2026-02-28-1
exness update 2026-02-28-2
exness update 2026-02-28-3
exness update 2026-03-01-1
exness update 2026-03-01-2
exness update 2026-03-01-3
exness update 2026-03-02-1
exness update 2026-03-02-2
exness update 2026-03-02-3
exness update 2026-03-03-1
exness update 2026-03-03-2
exness update 2026-03-03-3
exness update 2026-03-04-1
exness update 2026-03-04-2
exness update 2026-03-04-3
exness update 2026-03-05-1
exness update 2026-03-05-2
exness update 2026-03-05-3
exness update 2026-03-06-1
exness update 2026-03-06-2
exness update 2026-03-06-3
exness update 2026-03-07-1
exness update 2026-03-07-2
exness update 2026-03-07-3
exness update 2026-03-08-1
exness update 2026-03-08-2
exness update 2026-03-08-3
exness update 2026-03-09-1
exness update 2026-03-09-2
exness update 2026-03-09-3
exness update 2026-03-10-1
exness update 2026-03-10-2
exness update 2026-03-10-3
exness update 2026-03-11-1
exness update 2026-03-11-2
exness update 2026-03-11-3
exness update 2026-03-12-1
exness update 2026-03-12-2
exness update 2026-03-12-3
exness update 2026-03-13-1
exness update 2026-03-13-2
exness update 2026-03-13-3
exness update 2026-03-14-1
exness update 2026-03-14-2
exness update 2026-03-14-3
exness update 2026-03-15-1
exness update 2026-03-15-2
exness update 2026-03-15-3
exness update 2026-03-16-1
exness update 2026-03-16-2
exness update 2026-03-16-3
exness update 2026-03-17-1
exness update 2026-03-17-2
exness update 2026-03-17-3
exness update 2026-03-18-1
exness update 2026-03-18-2
exness update 2026-03-18-3
exness update 2026-03-19-1
exness update 2026-03-19-2
exness update 2026-03-19-3
exness update 2026-03-20-1
exness update 2026-03-20-2
exness update 2026-03-20-3
exness update 2026-03-21-1
exness update 2026-03-21-2
exness update 2026-03-21-3
exness update 2026-03-22-1
exness update 2026-03-22-2
exness update 2026-03-22-3
exness update 2026-03-23-1
exness update 2026-03-23-2
exness update 2026-03-23-3
exness update 2026-03-24-1
exness update 2026-03-24-2
exness update 2026-03-24-3
exness update 2026-03-25-1
exness update 2026-03-25-2
exness update 2026-03-25-3
exness update 2026-03-26-1
exness update 2026-03-26-2
exness update 2026-03-26-3
exness update 2026-03-27-1
exness update 2026-03-27-2
exness update 2026-03-27-3
exness update 2026-03-28-1
exness update 2026-03-28-2
exness update 2026-03-28-3
exness update 2026-03-29-1
exness update 2026-03-29-2
exness update 2026-03-29-3
exness update 2026-03-30-1
exness update 2026-03-30-2
exness update 2026-03-30-3
exness update 2026-03-31-1
exness update 2026-03-31-2
exness update 2026-03-31-3
exness update 1 - fix: resolve order placement error
exness update 2 - update: optimize trading data fetch
exness update 3 - fix: patch incorrect profit calculation
exness update 4 - fix: resolve order placement error
exness update 5 - update: improve trade execution logic
exness update 6 - update: improve dashboard performance
exness update 7 - fix: resolve websocket disconnect issue
exness update 8 - fix: resolve websocket disconnect issue
exness update 9 - update: improve trade execution logic
exness update 10 - update: improve trade execution logic
exness update 11 - fix: resolve order placement error
exness update 12 - update: improve order history module
exness update 13 - update: improve UI responsiveness
exness update 14 - fix: patch authentication token issue
exness update 15 - fix: resolve UI alignment issue
exness update 16 - update: refine trade analytics module
exness update 17 - fix: resolve UI alignment issue
exness update 18 - fix: patch authentication token issue
exness update 19 - update: optimize trading data fetch
exness update 20 - update: enhance risk management logic
exness update 21 - fix: resolve order placement error
exness update 22 - fix: resolve websocket disconnect issue
exness update 23 - fix: patch authentication token issue
exness update 24 - fix: resolve UI alignment issue
exness update 25 - update: optimize trading data fetch
exness update 26 - fix: resolve UI alignment issue
exness update 27 - fix: resolve order placement error
exness update 28 - update: refine trade analytics module
exness update 29 - fix: patch incorrect profit calculation
exness update 30 - update: improve UI responsiveness
exness update 31 - update: improve dashboard performance
exness update 32 - fix: correct currency conversion issue
exness update 33 - update: improve dashboard performance
exness update 34 - update: improve trade execution logic
exness update 35 - fix: resolve order placement error
exness update 36 - 
exness update 37 - fix: resolve chart rendering bug
exness update 38 - update: improve dashboard performance
exness update 39 - update: improve notification system
exness update 40 - fix: resolve chart rendering bug
exness update 41 - update: enhance API response handling
exness update 42 - fix: resolve websocket disconnect issue
exness update 43 - update: refine trade analytics module
exness update 44 - fix: correct balance calculation bug
exness update 45 - update: refine trade analytics module
exness update 46 - 
exness update 47 - update: improve order history module
exness update 48 - fix: correct balance calculation bug
exness update 49 - fix: resolve login issue in Exness dashboard
exness update 50 - update: improve order history module
exness update 51 - fix: resolve chart rendering bug
exness update 52 - fix: resolve login issue in Exness dashboard
exness update 53 - fix: resolve UI alignment issue
exness update 54 - update: improve dashboard performance
exness update 55 - update: improve trade execution logic
exness update 56 - fix: correct currency conversion issue
exness update 57 - fix: correct balance calculation bug
exness update 58 - update: improve UI responsiveness
exness update 59 - fix: resolve UI alignment issue
exness update 2026-01-01 - update dashboard UI
exness update 2026-01-02 - fix login bug
exness update 2026-01-03 - improve performance
exness update 2026-01-04 - update dashboard UI
exness update 2026-01-05 - update trading logic
exness update 2026-01-06 - fix order placement issue
exness update 2026-01-07 - improve trade execution
exness update 2026-01-08 - improve performance
exness update 2026-01-09 - update API integration
exness update 2026-01-10 - fix balance calculation
exness update 2026-01-11 - update trading logic
exness update 2026-01-12 - update API integration
exness update 2026-01-13 - update API integration
exness update 2026-01-14 - fix order placement issue
exness update 2026-01-15 - fix login bug
exness update 2026-01-16 - update trading logic
exness update 2026-01-17 - fix order placement issue
exness update 2026-01-18 - update trading logic
exness update 2026-01-19 - fix authentication error
exness update 2026-01-20 - fix order placement issue
exness update 2026-01-21 - improve performance
exness update 2026-01-22 - fix login bug
exness update 2026-01-23 - improve performance
exness update 2026-01-24 - fix order placement issue
exness update 2026-01-25 - 
exness update 2026-01-26 - improve trade execution
exness update 2026-01-27 - update dashboard UI
exness update 2026-01-28 - fix authentication error
exness update 2026-01-29 - update trading logic
exness update 2026-01-30 - fix order placement issue
exness update 2026-01-31 - fix balance calculation
exness update 2026-02-01 - fix login bug
exness update 2026-02-02 - fix authentication error
exness update 2026-02-03 - fix balance calculation
exness update 2026-02-04 - fix login bug
exness update 2026-02-05 - improve trade execution
exness update 2026-02-06 - fix balance calculation
exness update 2026-02-07 - update API integration
exness update 2026-02-08 - update trading logic
exness update 2026-02-09 - fix balance calculation
exness update 2026-02-10 - improve performance
exness update 2026-02-11 - update API integration
exness update 2026-02-12 - fix login bug
exness update 2026-02-13 - 
exness update 2026-02-14 - fix authentication error
exness update 2026-02-15 - update dashboard UI
exness update 2026-02-16 - update API integration
exness update 2026-02-17 - fix order placement issue
exness update 2026-02-18 - update API integration
exness update 2026-02-19 - 
exness update 2026-02-20 - fix login bug
exness update 2026-02-21 - fix login bug
exness update 2026-02-22 - update API integration
exness update 2026-02-23 - update API integration
exness update 2026-02-24 - fix order placement issue
exness update 2026-02-25 - fix login bug
exness update 2026-02-26 - 
exness update 2026-02-27 - update trading logic
exness update 2026-02-28 - 
